  TinyCollection.cpp
  TinyCore.cpp
C:\Program Files (x86)\Windows Kits\8.1\Include\um\dbghelp.h(1544): warning C4091: “typedef ”: 没有声明变量时忽略“”的左侧
C:\Program Files (x86)\Windows Kits\8.1\Include\um\dbghelp.h(3190): warning C4091: “typedef ”: 没有声明变量时忽略“”的左侧
Common\TinyCore.cpp(240): error C4235: 使用了非标准扩展: 不支持在此结构上使用“__asm”关键字
Common\TinyCore.cpp(240): error C2065: “pause”: 未声明的标识符
Common\TinyCore.cpp(240): error C2143: 语法错误: 缺少“;”(在“}”的前面)
  TinySqlite.cpp
d:\develop\tinyui\tinyui\database\TinySqlite.h(6): fatal error C1083: 无法打开包括文件: “sqlite3.h”: No such file or directory
  TinyMFEncode.cpp
C:\Program Files (x86)\Windows Kits\8.1\Include\shared\windowsx.h(1233): warning C4005: “GET_X_LPARAM”: 宏重定义
  d:\develop\tinyui\tinyui\common\TinyCommon.h(163): note: 参见“GET_X_LPARAM”的前一个定义
C:\Program Files (x86)\Windows Kits\8.1\Include\shared\windowsx.h(1234): warning C4005: “GET_Y_LPARAM”: 宏重定义
  d:\develop\tinyui\tinyui\common\TinyCommon.h(167): note: 参见“GET_Y_LPARAM”的前一个定义
  TinyCanvas.cpp
  正在生成代码...
